23-01-2024 21:05:03.810 INFO: Incoming request | #1 | resource: /todo | HTTP Verb POST | request #1
23-01-2024 21:05:33.353 INFO: Incoming request | #2 | resource: /todo | HTTP Verb DELETE | request #2
23-01-2024 21:07:20.202 INFO: Incoming request | #3 | resource: /todo | HTTP Verb POST | request #3
23-01-2024 21:08:16.491 INFO: Incoming request | #4 | resource: /todo | HTTP Verb POST | request #4
23-01-2024 21:12:02.783 INFO: Incoming request | #5 | resource: /todo/size | HTTP Verb GET | request #5
23-01-2024 21:12:33.567 INFO: Incoming request | #6 | resource: /todo/content | HTTP Verb GET | request #6
23-01-2024 21:17:00.353 INFO: Incoming request | #7 | resource: /todo | HTTP Verb DELETE | request #7
18-02-2024 23:44:17.274 INFO: Incoming request | #1 | resource: /todo/size | HTTP Verb GET | request #1
18-02-2024 23:45:55.790 INFO: Incoming request | #2 | resource: /todo/size | HTTP Verb GET | request #2
18-02-2024 23:58:37.953 INFO: Incoming request | #1 | resource: /todo/size | HTTP Verb GET | request #1
18-02-2024 23:58:57.321 INFO: Incoming request | #2 | resource: /todo/size | HTTP Verb GET | request #2
19-02-2024 00:01:56.640 INFO: Incoming request | #3 | resource: /todo/size | HTTP Verb GET | request #3
19-02-2024 00:02:14.389 INFO: Incoming request | #1 | resource: /todo/size | HTTP Verb GET | request #1
19-02-2024 00:03:17.074 INFO: Incoming request | #2 | resource: /todo/size | HTTP Verb GET | request #2
19-02-2024 00:03:59.805 INFO: Incoming request | #3 | resource: /todo/size | HTTP Verb GET | request #3
19-02-2024 00:04:40.875 INFO: Incoming request | #4 | resource: /todo/size | HTTP Verb GET | request #4
19-02-2024 00:07:34.414 INFO: Incoming request | #5 | resource: /todo/size | HTTP Verb GET | request #5
19-02-2024 00:08:05.813 INFO: Incoming request | #6 | resource: /todo/size | HTTP Verb GET | request #6
19-02-2024 00:08:43.465 INFO: Incoming request | #1 | resource: /todo/size | HTTP Verb GET | request #1
19-02-2024 00:24:09.210 INFO: Incoming request | #1 | resource: /todo/size | HTTP Verb GET | request #1
19-02-2024 00:24:19.752 INFO: Incoming request | #2 | resource: /todo/size | HTTP Verb GET | request #2
19-02-2024 00:27:00.821 INFO: Incoming request | #3 | resource: /todo | HTTP Verb POST | request #3
19-02-2024 00:28:06.734 INFO: Incoming request | #4 | resource: /todo | HTTP Verb POST | request #4
19-02-2024 00:30:14.738 INFO: Incoming request | #5 | resource: /todo | HTTP Verb POST | request #5
19-02-2024 00:38:52.514 INFO: Incoming request | #6 | resource: /todo | HTTP Verb POST | request #6
19-02-2024 00:42:45.049 INFO: Incoming request | #1 | resource: /todo | HTTP Verb POST | request #1
19-02-2024 00:50:47.978 INFO: Incoming request | #2 | resource: /todo | HTTP Verb POST | request #2
19-02-2024 00:52:09.935 INFO: Incoming request | #1 | resource: /todo | HTTP Verb POST | request #1
19-02-2024 00:54:41.509 INFO: Incoming request | #2 | resource: /todo | HTTP Verb POST | request #2
19-02-2024 00:55:01.822 INFO: Incoming request | #3 | resource: /todo/content | HTTP Verb GET | request #3
19-02-2024 00:55:22.945 INFO: Incoming request | #4 | resource: /todo/content | HTTP Verb GET | request #4
19-02-2024 00:57:19.529 INFO: Incoming request | #1 | resource: /todo/content | HTTP Verb GET | request #1
19-02-2024 00:58:54.454 INFO: Incoming request | #2 | resource: /todo/content | HTTP Verb GET | request #2
19-02-2024 01:03:36.304 INFO: Incoming request | #1 | resource: /todo/content | HTTP Verb GET | request #1
19-02-2024 01:06:13.909 INFO: Incoming request | #2 | resource: /todo/content | HTTP Verb GET | request #2
19-02-2024 01:07:03.382 INFO: Incoming request | #3 | resource: /todo/content | HTTP Verb GET | request #3
19-02-2024 01:08:46.754 INFO: Incoming request | #4 | resource: /todo/content | HTTP Verb GET | request #4
19-02-2024 01:11:39.928 INFO: Incoming request | #5 | resource: /todo/content | HTTP Verb GET | request #5
19-02-2024 01:14:34.347 INFO: Incoming request | #6 | resource: /todo/content | HTTP Verb GET | request #6
19-02-2024 01:20:13.317 INFO: Incoming request | #1 | resource: /todo/size | HTTP Verb GET | request #1
19-02-2024 01:20:42.421 INFO: Incoming request | #2 | resource: /todo/size | HTTP Verb GET | request #2
19-02-2024 01:32:35.110 INFO: Incoming request | #1 | resource: /todo/size | HTTP Verb GET | request #1
19-02-2024 01:32:50.048 INFO: Incoming request | #2 | resource: /todo/content | HTTP Verb GET | request #2
19-02-2024 01:33:01.793 INFO: Incoming request | #3 | resource: /todo/content | HTTP Verb GET | request #3
19-02-2024 01:34:25.096 INFO: Incoming request | #1 | resource: /todo/content | HTTP Verb GET | request #1
19-02-2024 01:43:49.921 INFO: Incoming request | #1 | resource: /todo/content | HTTP Verb GET | request #1
19-02-2024 01:46:39.600 INFO: Incoming request | #1 | resource: /todo/content | HTTP Verb GET | request #1
19-02-2024 01:57:13.599 INFO: Incoming request | #1 | resource: /todo/content | HTTP Verb GET | request #1
19-02-2024 02:02:12.672 INFO: Incoming request | #1 | resource: /todo/content | HTTP Verb GET | request #1
19-02-2024 02:03:11.217 INFO: Incoming request | #2 | resource: /todo/size | HTTP Verb GET | request #2
19-02-2024 02:04:03.479 INFO: Incoming request | #3 | resource: /todo/size | HTTP Verb GET | request #3
19-02-2024 02:06:21.008 INFO: Incoming request | #4 | resource: /todo/size | HTTP Verb GET | request #4
19-02-2024 02:06:33.510 INFO: Incoming request | #5 | resource: /todo/size | HTTP Verb GET | request #5
19-02-2024 02:12:00.670 INFO: Incoming request | #1 | resource: /todo/size | HTTP Verb GET | request #1
19-02-2024 02:13:47.173 INFO: Incoming request | #2 | resource: /todo/size | HTTP Verb GET | request #2
19-02-2024 02:15:14.504 INFO: Incoming request | #3 | resource: /todo | HTTP Verb POST | request #3
19-02-2024 02:24:05.047 INFO: Incoming request | #1 | resource: /todo | HTTP Verb POST | request #1
19-02-2024 02:27:22.193 INFO: Incoming request | #1 | resource: /todo | HTTP Verb POST | request #1
19-02-2024 02:32:51.986 INFO: Incoming request | #2 | resource: /todo | HTTP Verb POST | request #2
19-02-2024 02:33:36.495 INFO: Incoming request | #3 | resource: /todo | HTTP Verb POST | request #3
19-02-2024 02:37:37.602 INFO: Incoming request | #4 | resource: /todo | HTTP Verb POST | request #4
19-02-2024 02:38:37.753 INFO: Incoming request | #5 | resource: /todo | HTTP Verb POST | request #5
19-02-2024 02:39:19.310 INFO: Incoming request | #1 | resource: /todo | HTTP Verb POST | request #1
19-02-2024 02:40:13.449 INFO: Incoming request | #2 | resource: /todo/size | HTTP Verb GET | request #2
19-02-2024 02:40:23.376 INFO: Incoming request | #3 | resource: /todo/size | HTTP Verb GET | request #3
19-02-2024 02:40:48.108 INFO: Incoming request | #4 | resource: /todo/size | HTTP Verb GET | request #4
19-02-2024 02:41:07.370 INFO: Incoming request | #5 | resource: /todo/size | HTTP Verb GET | request #5
19-02-2024 02:42:06.306 INFO: Incoming request | #6 | resource: /todo/size | HTTP Verb GET | request #6
19-02-2024 02:42:59.233 INFO: Incoming request | #1 | resource: /todo/size | HTTP Verb GET | request #1
19-02-2024 02:43:37.621 INFO: Incoming request | #2 | resource: /todo | HTTP Verb PUT | request #2
19-02-2024 02:55:29.950 INFO: Incoming request | #1 | resource: /todo | HTTP Verb PUT | request #1
19-02-2024 02:55:44.546 INFO: Incoming request | #2 | resource: /todo | HTTP Verb PUT | request #2
19-02-2024 02:58:33.680 INFO: Incoming request | #3 | resource: /todo | HTTP Verb PUT | request #3
19-02-2024 03:14:42.644 INFO: Incoming request | #1 | resource: /todo | HTTP Verb PUT | request #1
19-02-2024 03:16:32.087 INFO: Incoming request | #1 | resource: /todo | HTTP Verb PUT | request #1
19-02-2024 03:19:01.771 INFO: Incoming request | #2 | resource: /todo/content | HTTP Verb GET | request #2
19-02-2024 03:26:58.570 INFO: Incoming request | #1 | resource: /todo/content | HTTP Verb GET | request #1
19-02-2024 03:31:50.868 INFO: Incoming request | #1 | resource: /todo/content | HTTP Verb GET | request #1
19-02-2024 03:35:28.614 INFO: Incoming request | #1 | resource: /todo/content | HTTP Verb GET | request #1
19-02-2024 03:36:15.915 INFO: Incoming request | #2 | resource: /todo | HTTP Verb PUT | request #2
19-02-2024 03:45:02.496 INFO: Incoming request | #1 | resource: /todo | HTTP Verb PUT | request #1
19-02-2024 03:46:07.080 INFO: Incoming request | #2 | resource: /todo | HTTP Verb PUT | request #2
19-02-2024 03:51:39.661 INFO: Incoming request | #1 | resource: /todo | HTTP Verb PUT | request #1
19-02-2024 03:58:24.695 INFO: Incoming request | #1 | resource: /todo | HTTP Verb PUT | request #1
19-02-2024 04:00:25.588 INFO: Incoming request | #1 | resource: /todo | HTTP Verb PUT | request #1
19-02-2024 04:00:43.369 INFO: Incoming request | #2 | resource: /todo | HTTP Verb PUT | request #2
19-02-2024 04:02:24.309 INFO: Incoming request | #3 | resource: /todo | HTTP Verb PUT | request #3
19-02-2024 04:02:57.741 INFO: Incoming request | #4 | resource: /todo | HTTP Verb PUT | request #4
19-02-2024 04:04:57.011 INFO: Incoming request | #5 | resource: /todo | HTTP Verb PUT | request #5
19-02-2024 04:06:22.368 INFO: Incoming request | #6 | resource: /todo | HTTP Verb PUT | request #6
19-02-2024 04:06:50.100 INFO: Incoming request | #7 | resource: /todo | HTTP Verb PUT | request #7
19-02-2024 04:08:32.209 INFO: Incoming request | #8 | resource: /todo | HTTP Verb PUT | request #8
19-02-2024 04:08:58.636 INFO: Incoming request | #1 | resource: /todo | HTTP Verb PUT | request #1
19-02-2024 04:15:48.872 INFO: Incoming request | #1 | resource: /todo | HTTP Verb PUT | request #1
19-02-2024 04:16:20.095 INFO: Incoming request | #2 | resource: /todo | HTTP Verb PUT | request #2
19-02-2024 04:16:33.103 INFO: Incoming request | #3 | resource: /todo | HTTP Verb PUT | request #3
19-02-2024 04:18:20.140 INFO: Incoming request | #1 | resource: /todo | HTTP Verb PUT | request #1
19-02-2024 04:19:16.688 INFO: Incoming request | #1 | resource: /todo | HTTP Verb PUT | request #1
19-02-2024 04:20:09.436 INFO: Incoming request | #2 | resource: /todo/size | HTTP Verb GET | request #2
19-02-2024 04:20:23.748 INFO: Incoming request | #3 | resource: /todo/size | HTTP Verb GET | request #3
19-02-2024 04:20:53.386 INFO: Incoming request | #4 | resource: /todo | HTTP Verb PUT | request #4
19-02-2024 04:21:25.291 INFO: Incoming request | #5 | resource: /todo/size | HTTP Verb GET | request #5
