19-02-2024 00:01:56.649 INFO : Total TODOs count for state ALL is 0 | request #3
19-02-2024 00:03:11.995 INFO : Total TODOs count for state ALL is 0 | request #1
19-02-2024 00:03:18.487 INFO : Total TODOs count for state ALL is 0 | request #2
19-02-2024 00:04:35.687 INFO : Total TODOs count for state ALL is 0 | request #3
19-02-2024 00:05:12.267 INFO : Total TODOs count for state ALL is 0 | request #4
19-02-2024 00:08:00.677 INFO : Total TODOs count for state ALL is 0 | request #5
19-02-2024 00:08:19.519 INFO : Total TODOs count for state ALL is 0 | request #6
19-02-2024 00:22:50.051 INFO : Total TODOs count for state ALL is 0 | request #1
19-02-2024 00:24:09.342 INFO : Total TODOs count for state ALL is 0 | request #1
19-02-2024 00:26:39.394 INFO : Total TODOs count for state ALL is 0 | request #2
19-02-2024 00:27:05.544 ERROR: Error: Can’t create new TODO that its due date is in the past | request #3
19-02-2024 00:28:10.096 INFO : Creating new TODO with Title [Buy Groceries] | request #4
19-02-2024 00:30:24.280 INFO : Creating new TODO with Title [Buy Groceries] | request #5
19-02-2024 00:39:04.256 INFO : Creating new TODO with Title [Buy Groceries] | request #6
19-02-2024 00:42:53.892 INFO : Creating new TODO with Title [Buy Groceries] | request #1
19-02-2024 00:51:00.472 INFO : Creating new TODO with Title [Buy Groceries] | request #2
19-02-2024 00:52:10.041 INFO : Creating new TODO with Title [Buy Groceries] | request #1
19-02-2024 00:54:41.515 INFO : Creating new TODO with Title [Buy Groceries] | request #2
19-02-2024 01:04:21.025 INFO : Extracting todos content. Filter: PENDING | Sorting by: TITLE | request #1
19-02-2024 01:32:40.249 INFO : Total TODOs count for state ALL is 0 | request #1
19-02-2024 02:02:29.490 INFO : Extracting todos content. Filter: PENDING | Sorting by: TITLE | request #1
19-02-2024 02:03:11.289 INFO : Total TODOs count for state PENDING is 0 | request #2
19-02-2024 02:06:16.654 INFO : Total TODOs count for state PENDING is 0 | request #3
19-02-2024 02:06:23.571 INFO : Total TODOs count for state PENDING is 0 | request #4
19-02-2024 02:09:28.050 INFO : Total TODOs count for state PENDING is 0 | request #5
19-02-2024 02:13:26.051 INFO : Total TODOs count for state PENDING is 2 | request #1
19-02-2024 02:13:56.672 INFO : Total TODOs count for state ALL is 0 | request #2
19-02-2024 02:19:24.409 INFO : Creating new TODO with Title [New Year] | request #3
19-02-2024 02:26:02.952 INFO : Creating new TODO with Title [New Year] | request #1
19-02-2024 02:32:46.756 INFO : Creating new TODO with Title [New Year] | request #1
19-02-2024 02:33:11.946 INFO : Creating new TODO with Title [New Year] | request #2
19-02-2024 02:37:31.012 INFO : Creating new TODO with Title [New Year] | request #3
19-02-2024 02:38:34.513 INFO : Creating new TODO with Title [New Year] | request #4
19-02-2024 02:38:59.029 INFO : Creating new TODO with Title [New Year] | request #5
19-02-2024 02:39:52.528 ERROR: Error: TODO with the title  [New Year] already exists in the system | request #1
19-02-2024 02:40:13.456 INFO : Total TODOs count for state ALL is 0 | request #2
19-02-2024 02:40:32.537 INFO : Total TODOs count for state ALL is 0 | request #3
19-02-2024 02:40:51.200 INFO : Total TODOs count for state DONE is 2 | request #4
19-02-2024 02:42:02.928 INFO : Total TODOs count for state DONE is 2 | request #5
19-02-2024 02:42:11.277 INFO : Total TODOs count for state DONE is 2 | request #6
19-02-2024 02:43:02.660 INFO : Total TODOs count for state DONE is 0 | request #1
19-02-2024 02:43:37.622 INFO : Update TODO id [2] state to DONE | request #2
19-02-2024 02:55:29.953 INFO : Update TODO id [2] state to DONE | request #1
19-02-2024 02:55:44.546 INFO : Update TODO id [2] state to DONE | request #2
19-02-2024 02:58:33.681 INFO : Update TODO id [2] state to DONE | request #3
19-02-2024 03:14:42.647 INFO : Update TODO id [2] state to DONE | request #1
19-02-2024 03:16:12.175 ERROR: Error: no such TODO with id 2 | request #1
19-02-2024 03:16:32.091 INFO : Update TODO id [2] state to DONE | request #1
19-02-2024 03:17:07.154 ERROR: Error: no such TODO with id 2 | request #1
19-02-2024 03:22:59.843 INFO : Extracting todos content. Filter: PENDING | Sorting by: TITLE | request #2
19-02-2024 03:30:15.383 INFO : Extracting todos content. Filter: PENDING | Sorting by: TITLE | request #1
19-02-2024 03:36:01.822 INFO : Extracting todos content. Filter: PENDING | Sorting by: TITLE | request #1
19-02-2024 03:36:15.916 INFO : Update TODO id [2] state to DONE | request #2
19-02-2024 03:42:12.516 ERROR: Error: no such TODO with id 2 | request #2
19-02-2024 03:45:02.501 INFO : Update TODO id [2] state to DONE | request #1
19-02-2024 03:46:04.329 ERROR: Error: no such TODO with id 2 | request #1
19-02-2024 03:46:07.080 INFO : Update TODO id [2] state to DONE | request #2
19-02-2024 03:47:55.397 ERROR: Error: no such TODO with id 2 | request #2
19-02-2024 03:51:39.665 INFO : Update TODO id [2] state to DONE | request #1
19-02-2024 03:53:12.876 ERROR: Error: no such TODO with id 2 | request #1
19-02-2024 03:58:24.698 INFO : Update TODO id [2] state to DONE | request #1
19-02-2024 03:59:14.439 ERROR: Error: no such TODO with id 2 | request #1
19-02-2024 04:00:25.592 INFO : Update TODO id [2] state to DONE | request #1
19-02-2024 04:00:40.386 ERROR: Error: no such TODO with id 2 | request #1
19-02-2024 04:00:43.369 INFO : Update TODO id [2] state to DONE | request #2
19-02-2024 04:01:29.187 ERROR: Error: no such TODO with id 2 | request #2
19-02-2024 04:02:24.310 INFO : Update TODO id [2] state to DONE | request #3
19-02-2024 04:02:49.454 ERROR: Error: no such TODO with id 2 | request #3
19-02-2024 04:02:57.741 INFO : Update TODO id [2] state to DONE | request #4
19-02-2024 04:04:54.088 ERROR: Error: no such TODO with id 2 | request #4
19-02-2024 04:04:57.011 INFO : Update TODO id [2] state to DONE | request #5
19-02-2024 04:05:03.932 ERROR: Error: no such TODO with id 2 | request #5
19-02-2024 04:06:22.368 INFO : Update TODO id [2] state to DONE | request #6
19-02-2024 04:06:47.909 ERROR: Error: no such TODO with id 2 | request #6
19-02-2024 04:06:50.100 INFO : Update TODO id [2] state to DONE | request #7
19-02-2024 04:07:34.924 ERROR: Error: no such TODO with id 2 | request #7
19-02-2024 04:08:32.209 INFO : Update TODO id [2] state to DONE | request #8
19-02-2024 04:08:38.115 ERROR: Error: no such TODO with id 2 | request #8
19-02-2024 04:08:58.640 INFO : Update TODO id [2] state to DONE | request #1
19-02-2024 04:15:48.877 INFO : Update TODO id [2] state to DONE | request #1
19-02-2024 04:15:52.550 ERROR: Error: no such TODO with id 2 | request #1
19-02-2024 04:16:20.095 INFO : Update TODO id [2] state to DONE | request #2
19-02-2024 04:16:23.649 ERROR: Error: no such TODO with id 2 | request #2
19-02-2024 04:16:33.103 INFO : Update TODO id [2] state to DONE | request #3
19-02-2024 04:17:45.925 ERROR: Error: no such TODO with id 2 | request #3
19-02-2024 04:18:20.144 INFO : Update TODO id [2] state to DONE | request #1
19-02-2024 04:19:16.691 INFO : Update TODO id [2] state to DONE | request #1
19-02-2024 04:20:12.615 INFO : Total TODOs count for state DONE is 1 | request #2
19-02-2024 04:20:53.386 INFO : Update TODO id [2] state to DONE | request #4
